<?xml version="1.0" encoding="UTF-8"?>
<testsuite xmlns:xsi="http://www.w3.org/2001/XMLSchema-instance" xsi:noNamespaceSchemaLocation="https://maven.apache.org/surefire/maven-surefire-plugin/xsd/surefire-test-report.xsd" name="com.tapiwa.AppTest" time="0.018" tests="2" errors="0" skipped="0" failures="0">
  <properties>
    <property name="awt.toolkit" value="sun.awt.X11.XToolkit"/>
    <property name="file.encoding.pkg" value="sun.io"/>
    <property name="java.specification.version" value="1.8"/>
    <property name="sun.cpu.isalist" value=""/>
    <property name="sun.jnu.encoding" value="UTF-8"/>
    <property name="java.class.path" value="/home/tapiwa/mvn/mvn-plain/mvn-example/target/test-classes:/home/tapiwa/mvn/mvn-plain/mvn-example/target/classes:/home/tapiwa/.m2/repository/junit/junit/4.11/junit-4.11.jar:/home/tapiwa/.m2/repository/org/hamcrest/hamcrest-core/1.3/hamcrest-core-1.3.jar:/home/tapiwa/.m2/repository/com/github/ricksbrown/cowsay/1.1.0/cowsay-1.1.0-lib.jar:/home/tapiwa/.m2/repository/org/apache/commons/commons-lang3/3.3.2/commons-lang3-3.3.2.jar:/home/tapiwa/.m2/repository/commons-cli/commons-cli/1.4/commons-cli-1.4.jar:/home/tapiwa/.m2/repository/org/apache/maven/maven-plugin-api/3.6.1/maven-plugin-api-3.6.1.jar:/home/tapiwa/.m2/repository/org/apache/maven/maven-model/3.6.1/maven-model-3.6.1.jar:/home/tapiwa/.m2/repository/org/apache/maven/maven-artifact/3.6.1/maven-artifact-3.6.1.jar:/home/tapiwa/.m2/repository/org/eclipse/sisu/org.eclipse.sisu.plexus/0.3.3/org.eclipse.sisu.plexus-0.3.3.jar:/home/tapiwa/.m2/repository/javax/enterprise/cdi-api/1.0/cdi-api-1.0.jar:/home/tapiwa/.m2/repository/javax/annotation/jsr250-api/1.0/jsr250-api-1.0.jar:/home/tapiwa/.m2/repository/javax/inject/javax.inject/1/javax.inject-1.jar:/home/tapiwa/.m2/repository/org/eclipse/sisu/org.eclipse.sisu.inject/0.3.3/org.eclipse.sisu.inject-0.3.3.jar:/home/tapiwa/.m2/repository/org/codehaus/plexus/plexus-component-annotations/1.5.5/plexus-component-annotations-1.5.5.jar:/home/tapiwa/.m2/repository/org/codehaus/plexus/plexus-utils/3.2.0/plexus-utils-3.2.0.jar:/home/tapiwa/.m2/repository/org/codehaus/plexus/plexus-classworlds/2.6.0/plexus-classworlds-2.6.0.jar:/home/tapiwa/.m2/repository/com/github/ricksbrown/cowjar/1.1.0/cowjar-1.1.0.jar:"/>
    <property name="java.vm.vendor" value="Private Build"/>
    <property name="sun.arch.data.model" value="64"/>
    <property name="java.vendor.url" value="http://java.oracle.com/"/>
    <property name="user.timezone" value=""/>
    <property name="java.vm.specification.version" value="1.8"/>
    <property name="os.name" value="Linux"/>
    <property name="sun.java.launcher" value="SUN_STANDARD"/>
    <property name="sun.boot.library.path" value="/usr/lib/jvm/java-8-openjdk-amd64/jre/lib/amd64"/>
    <property name="sun.java.command" value="/home/tapiwa/mvn/mvn-plain/mvn-example/target/surefire/surefirebooter1267243837507986528.jar /home/tapiwa/mvn/mvn-plain/mvn-example/target/surefire 2023-08-19T23-24-03_796-jvmRun1 surefire3791314353547273514tmp surefire_08175168213203171183tmp"/>
    <property name="surefire.test.class.path" value="/home/tapiwa/mvn/mvn-plain/mvn-example/target/test-classes:/home/tapiwa/mvn/mvn-plain/mvn-example/target/classes:/home/tapiwa/.m2/repository/junit/junit/4.11/junit-4.11.jar:/home/tapiwa/.m2/repository/org/hamcrest/hamcrest-core/1.3/hamcrest-core-1.3.jar:/home/tapiwa/.m2/repository/com/github/ricksbrown/cowsay/1.1.0/cowsay-1.1.0-lib.jar:/home/tapiwa/.m2/repository/org/apache/commons/commons-lang3/3.3.2/commons-lang3-3.3.2.jar:/home/tapiwa/.m2/repository/commons-cli/commons-cli/1.4/commons-cli-1.4.jar:/home/tapiwa/.m2/repository/org/apache/maven/maven-plugin-api/3.6.1/maven-plugin-api-3.6.1.jar:/home/tapiwa/.m2/repository/org/apache/maven/maven-model/3.6.1/maven-model-3.6.1.jar:/home/tapiwa/.m2/repository/org/apache/maven/maven-artifact/3.6.1/maven-artifact-3.6.1.jar:/home/tapiwa/.m2/repository/org/eclipse/sisu/org.eclipse.sisu.plexus/0.3.3/org.eclipse.sisu.plexus-0.3.3.jar:/home/tapiwa/.m2/repository/javax/enterprise/cdi-api/1.0/cdi-api-1.0.jar:/home/tapiwa/.m2/repository/javax/annotation/jsr250-api/1.0/jsr250-api-1.0.jar:/home/tapiwa/.m2/repository/javax/inject/javax.inject/1/javax.inject-1.jar:/home/tapiwa/.m2/repository/org/eclipse/sisu/org.eclipse.sisu.inject/0.3.3/org.eclipse.sisu.inject-0.3.3.jar:/home/tapiwa/.m2/repository/org/codehaus/plexus/plexus-component-annotations/1.5.5/plexus-component-annotations-1.5.5.jar:/home/tapiwa/.m2/repository/org/codehaus/plexus/plexus-utils/3.2.0/plexus-utils-3.2.0.jar:/home/tapiwa/.m2/repository/org/codehaus/plexus/plexus-classworlds/2.6.0/plexus-classworlds-2.6.0.jar:/home/tapiwa/.m2/repository/com/github/ricksbrown/cowjar/1.1.0/cowjar-1.1.0.jar:"/>
    <property name="sun.cpu.endian" value="little"/>
    <property name="user.home" value="/home/tapiwa"/>
    <property name="user.language" value="en"/>
    <property name="java.specification.vendor" value="Oracle Corporation"/>
    <property name="java.home" value="/usr/lib/jvm/java-8-openjdk-amd64/jre"/>
    <property name="basedir" value="/home/tapiwa/mvn/mvn-plain/mvn-example"/>
    <property name="file.separator" value="/"/>
    <property name="line.separator" value="&#10;"/>
    <property name="java.vm.specification.vendor" value="Oracle Corporation"/>
    <property name="java.specification.name" value="Java Platform API Specification"/>
    <property name="java.awt.graphicsenv" value="sun.awt.X11GraphicsEnvironment"/>
    <property name="surefire.real.class.path" value="/home/tapiwa/mvn/mvn-plain/mvn-example/target/surefire/surefirebooter1267243837507986528.jar"/>
    <property name="sun.boot.class.path" value="/usr/lib/jvm/java-8-openjdk-amd64/jre/lib/resources.jar:/usr/lib/jvm/java-8-openjdk-amd64/jre/lib/rt.jar:/usr/lib/jvm/java-8-openjdk-amd64/jre/lib/sunrsasign.jar:/usr/lib/jvm/java-8-openjdk-amd64/jre/lib/jsse.jar:/usr/lib/jvm/java-8-openjdk-amd64/jre/lib/jce.jar:/usr/lib/jvm/java-8-openjdk-amd64/jre/lib/charsets.jar:/usr/lib/jvm/java-8-openjdk-amd64/jre/lib/jfr.jar:/usr/lib/jvm/java-8-openjdk-amd64/jre/classes"/>
    <property name="sun.management.compiler" value="HotSpot 64-Bit Tiered Compilers"/>
    <property name="java.runtime.version" value="1.8.0_362-8u362-ga-0ubuntu1~20.04.1-b09"/>
    <property name="user.name" value="tapiwa"/>
    <property name="path.separator" value=":"/>
    <property name="os.version" value="5.10.16.3-microsoft-standard-WSL2"/>
    <property name="java.endorsed.dirs" value="/usr/lib/jvm/java-8-openjdk-amd64/jre/lib/endorsed"/>
    <property name="java.runtime.name" value="OpenJDK Runtime Environment"/>
    <property name="file.encoding" value="UTF-8"/>
    <property name="java.vm.name" value="OpenJDK 64-Bit Server VM"/>
    <property name="localRepository" value="/home/tapiwa/.m2/repository"/>
    <property name="java.vendor.url.bug" value="http://bugreport.sun.com/bugreport/"/>
    <property name="java.io.tmpdir" value="/tmp"/>
    <property name="java.version" value="1.8.0_362"/>
    <property name="user.dir" value="/home/tapiwa/mvn/mvn-plain/mvn-example"/>
    <property name="os.arch" value="amd64"/>
    <property name="java.vm.specification.name" value="Java Virtual Machine Specification"/>
    <property name="java.awt.printerjob" value="sun.print.PSPrinterJob"/>
    <property name="sun.os.patch.level" value="unknown"/>
    <property name="java.library.path" value="/usr/java/packages/lib/amd64:/usr/lib/x86_64-linux-gnu/jni:/lib/x86_64-linux-gnu:/usr/lib/x86_64-linux-gnu:/usr/lib/jni:/lib:/usr/lib"/>
    <property name="java.vm.info" value="mixed mode"/>
    <property name="java.vendor" value="Private Build"/>
    <property name="java.vm.version" value="25.362-b09"/>
    <property name="java.specification.maintenance.version" value="4"/>
    <property name="java.ext.dirs" value="/usr/lib/jvm/java-8-openjdk-amd64/jre/lib/ext:/usr/java/packages/lib/ext"/>
    <property name="sun.io.unicode.encoding" value="UnicodeLittle"/>
    <property name="java.class.version" value="52.0"/>
  </properties>
  <testcase name="shouldAnswerWithTrue" classname="com.tapiwa.AppTest" time="0.002"/>
  <testcase name="shouldAddTHreeAndFour" classname="com.tapiwa.AppTest" time="0"/>
</testsuite>